{"name": "test_03", "status": "failed", "statusDetails": {"message": "AssertionError: assert 1 == 2", "trace": "@pytest.mark.flaky(reruns=3,reruns_delay=3)\n    def test_03():\n        print('-------------')\n        print('test03')\n>       assert 1 == 2\nE       assert 1 == 2\n\ntest_case03.py:21: AssertionError"}, "start": 1625316715919, "stop": 1625316715920, "uuid": "622f2184-23e5-49dc-9e91-4080c8a59e11", "historyId": "aaeffdda95d4d34ff4d03238f03c8139", "testCaseId": "e69660cb497d57b4d0abb880f6116dec", "fullName": "test_case03#test_03", "labels": [{"name": "tag", "value": "flaky(reruns=3, reruns_delay=3)"}, {"name": "suite", "value": "test_case03"}, {"name": "host", "value": "B000000094194hf"}, {"name": "thread", "value": "35440-MainThread"}, {"name": "framework", "value": "pytest"}, {"name": "language", "value": "cpython3"}, {"name": "package", "value": "test_case03"}]}